<?xml version="1.0" encoding="utf-8"?><testsuites name="pytest tests"><testsuite name="pytest" errors="0" failures="1" skipped="0" tests="7" time="23.994" timestamp="2026-09-17T20:53:36.326282+00:00" hostname="agent-env-c197ebe4-c4c9-45b3-9d24-08f5aa651aec"><testcase classname="tests.backend_test.TestEndpoints" name="test_bot_info" time="0.252" /><testcase classname="tests.backend_test.TestEndpoints" name="test_stats" time="0.215" /><testcase classname="tests.backend_test.TestWebhookSecurity" name="test_wrong_secret_returns_403" time="0.460" /><testcase classname="tests.backend_test.TestWebhookSecurity" name="test_correct_secret_returns_ok" time="0.200" /><testcase classname="tests.backend_test.TestBridgeConversation" name="test_full_bridge_flow_saves_addresses_and_creates_swap" time="10.881"><failure message="AssertionError: user not saved&#10;assert None is not None">backend/tests/backend_test.py:114: in test_full_bridge_flow_saves_addresses_and_creates_swap
    assert user is not None, "user not saved"
E   AssertionError: user not saved
E   assert None is not None</failure></testcase><testcase classname="tests.backend_test.TestInvoiceAndCancel" name="test_invoice_creates_swap_with_sid_no_button_data_invalid" time="8.506" /><testcase classname="tests.backend_test.TestInvoiceAndCancel" name="test_cancel_callback_updates_status_to_cancelled" time="3.335" /></testsuite></testsuites>