<?xml version="1.0" encoding="utf-8"?><testsuites name="pytest tests"><testsuite name="pytest" errors="0" failures="0" skipped="0" tests="8" time="71.199" timestamp="2026-09-17T21:29:57.924855+00:00" hostname="agent-env-c197ebe4-c4c9-45b3-9d24-08f5aa651aec"><testcase classname="tests.backend_test.TestEndpoints" name="test_bot_info" time="0.268" /><testcase classname="tests.backend_test.TestWebhookSecurity" name="test_wrong_secret" time="0.265" /><testcase classname="tests.backend_test.TestWebhookSecurity" name="test_ok_secret" time="0.200" /><testcase classname="tests.backend_test.TestEndpoints" name="test_stats" time="0.129" /><testcase classname="tests.backend_test.TestInvoiceRemoved" name="test_invoice_command_does_nothing" time="2.178" /><testcase classname="tests.backend_test.TestSplitRotationAndCancelPlan" name="test_split_flow_then_cancel_plan" time="40.237" /><testcase classname="tests.backend_test.TestBlendIn" name="test_odd_amount_blend_keep" time="26.662" /><testcase classname="tests.backend_test.TestZeroTraceAndPerTxCancel" name="test_zero_trace_then_cxl_cancel" time="29.519" /></testsuite></testsuites>